<?xml version="1.0" encoding="UTF-8"?>
<!-- Generated by org.testng.reporters.JUnitXMLReporter -->
<testsuite ignored="1" hostname="LAPTOP-5KMFOFH9" failures="0" tests="1" name="Default test" time="2.963" errors="0" timestamp="2024-05-16T22:10:32 IST">
  <testcase classname="httpsMethods.Update_Delete_Request" name="deleteUser" time="2.897"/>
  <testcase classname="httpsMethods.Update_Delete_Request" name="updateUser" time="0.0">
    <ignored/>
  </testcase> <!-- updateUser -->
</testsuite> <!-- Default test -->
