<?xml version="1.0" encoding="UTF-8"?>
<!-- Generated by org.testng.reporters.JUnitXMLReporter -->
<testsuite ignored="4" hostname="LAPTOP-5KMFOFH9" failures="0" tests="1" name="Default test" time="5.883" errors="0" timestamp="2024-05-17T22:15:13 IST">
  <testcase classname="apiScenarios.AuthenticationTest" name="oAuth2Test" time="5.815"/>
  <testcase classname="apiScenarios.AuthenticationTest" name="preemtiveAuth" time="0.0">
    <ignored/>
  </testcase> <!-- preemtiveAuth -->
  <testcase classname="apiScenarios.AuthenticationTest" name="digestAuth" time="0.0">
    <ignored/>
  </testcase> <!-- digestAuth -->
  <testcase classname="apiScenarios.AuthenticationTest" name="basicAuth" time="0.0">
    <ignored/>
  </testcase> <!-- basicAuth -->
  <testcase classname="apiScenarios.AuthenticationTest" name="bearerAuth" time="0.0">
    <ignored/>
  </testcase> <!-- bearerAuth -->
</testsuite> <!-- Default test -->
