<?xml version="1.0" encoding="UTF-8"?>
<!-- Generated by org.testng.reporters.JUnitXMLReporter -->
<testsuite ignored="0" hostname="LAPTOP-5KMFOFH9" failures="0" tests="3" name="HomePage" time="10.053" errors="0" timestamp="2024-05-06T16:33:15 IST">
  <testcase classname="com.CRM.TestCases.HomePageTest" name="validateURL" time="0.015"/>
  <testcase classname="com.CRM.TestCases.HomePageTest" name="validateTitle" time="0.009"/>
  <testcase classname="com.CRM.TestCases.HomePageTest" name="validateSignIn" time="0.095"/>
</testsuite> <!-- HomePage -->
