<?xml version="1.0" encoding="UTF-8"?>
<!-- Generated by org.testng.reporters.JUnitXMLReporter -->
<testsuite ignored="0" hostname="LAPTOP-5KMFOFH9" failures="1" tests="2" name="Test" time="0.307" errors="0" timestamp="2024-05-30T11:16:35 IST">
  <testcase classname="webtesting.ListenersTest" name="testCase1" time="0.101"/>
  <testcase classname="webtesting.ListenersTest" name="testCase2" time="0.018">
    <failure type="java.lang.AssertionError" message="Test fail: as condition not matched! expected [false] but found [true]">
      <![CDATA[java.lang.AssertionError: Test fail: as condition not matched! expected [false] but found [true]
at webtesting.ListenersTest.testCase2(ListenersTest.java:24)
at java.base/java.util.ArrayList.forEach(ArrayList.java:1511)
... Removed 33 stack frames]]>
    </failure>
  </testcase> <!-- testCase2 -->
</testsuite> <!-- Test -->
