<?xml version="1.0" encoding="UTF-8"?>
<!-- Generated by org.testng.reporters.JUnitXMLReporter -->
<testsuite ignored="0" hostname="LAPTOP-5KMFOFH9" failures="0" tests="3" name="HomePage" time="6.881" errors="0" timestamp="2024-05-03T21:48:10 IST">
  <testcase classname="com.CRM.TestCases.HomePageTest" name="validateURL" time="0.016"/>
  <testcase classname="com.CRM.TestCases.HomePageTest" name="validateTitle" time="0.018"/>
  <testcase classname="com.CRM.TestCases.HomePageTest" name="validateSignIn" time="0.183"/>
</testsuite> <!-- HomePage -->
