<?xml version="1.0" encoding="UTF-8"?>
<testng-results ignored="0" total="4" passed="4" failed="0" skipped="0">
  <reporter-output>
  </reporter-output>
  <suite started-at="2024-05-03T21:48:03 IST" name="Suite" finished-at="2024-05-03T21:48:16 IST" duration-ms="12664">
    <groups>
    </groups>
    <test started-at="2024-05-03T21:48:03 IST" name="HomePage" finished-at="2024-05-03T21:48:10 IST" duration-ms="6881">
      <class name="com.CRM.TestCases.HomePageTest">
        <test-method is-config="true" signature="setUpBrowser()[pri:0, instance:com.CRM.TestCases.HomePageTest@635eaaf1]" started-at="2024-05-03T21:48:03 IST" name="setUpBrowser" finished-at="2024-05-03T21:48:08 IST" duration-ms="5200" status="PASS">
          <reporter-output>
          </reporter-output>
        </test-method> <!-- setUpBrowser -->
        <test-method is-config="true" signature="pageSetUp()[pri:0, instance:com.CRM.TestCases.HomePageTest@635eaaf1]" started-at="2024-05-03T21:48:08 IST" name="pageSetUp" finished-at="2024-05-03T21:48:10 IST" duration-ms="1407" status="PASS">
          <reporter-output>
          </reporter-output>
        </test-method> <!-- pageSetUp -->
        <test-method signature="validateURL()[pri:1, instance:com.CRM.TestCases.HomePageTest@635eaaf1]" started-at="2024-05-03T21:48:10 IST" name="validateURL" finished-at="2024-05-03T21:48:10 IST" duration-ms="16" status="PASS">
          <reporter-output>
          </reporter-output>
        </test-method> <!-- validateURL -->
        <test-method signature="validateTitle()[pri:2, instance:com.CRM.TestCases.HomePageTest@635eaaf1]" started-at="2024-05-03T21:48:10 IST" name="validateTitle" finished-at="2024-05-03T21:48:10 IST" duration-ms="18" status="PASS">
          <reporter-output>
          </reporter-output>
        </test-method> <!-- validateTitle -->
        <test-method signature="validateSignIn()[pri:3, instance:com.CRM.TestCases.HomePageTest@635eaaf1]" started-at="2024-05-03T21:48:10 IST" name="validateSignIn" finished-at="2024-05-03T21:48:10 IST" duration-ms="183" status="PASS">
          <reporter-output>
          </reporter-output>
        </test-method> <!-- validateSignIn -->
      </class> <!-- com.CRM.TestCases.HomePageTest -->
    </test> <!-- HomePage -->
    <test started-at="2024-05-03T21:48:10 IST" name="LoginPage" finished-at="2024-05-03T21:48:16 IST" duration-ms="5744">
      <class name="com.CRM.TestCases.LoginPageTest">
        <test-method is-config="true" signature="setUpBrowser()[pri:0, instance:com.CRM.TestCases.LoginPageTest@479d31f3]" started-at="2024-05-03T21:48:10 IST" name="setUpBrowser" finished-at="2024-05-03T21:48:13 IST" duration-ms="3473" status="PASS">
          <reporter-output>
          </reporter-output>
        </test-method> <!-- setUpBrowser -->
        <test-method is-config="true" signature="pageSetUp()[pri:0, instance:com.CRM.TestCases.LoginPageTest@479d31f3]" started-at="2024-05-03T21:48:13 IST" name="pageSetUp" finished-at="2024-05-03T21:48:15 IST" duration-ms="1238" status="PASS">
          <reporter-output>
          </reporter-output>
        </test-method> <!-- pageSetUp -->
        <test-method signature="validateLogin()[pri:0, instance:com.CRM.TestCases.LoginPageTest@479d31f3]" started-at="2024-05-03T21:48:15 IST" name="validateLogin" finished-at="2024-05-03T21:48:16 IST" duration-ms="1029" status="PASS">
          <reporter-output>
          </reporter-output>
        </test-method> <!-- validateLogin -->
      </class> <!-- com.CRM.TestCases.LoginPageTest -->
    </test> <!-- LoginPage -->
  </suite> <!-- Suite -->
</testng-results>
