<?xml version="1.0" encoding="UTF-8"?>
<testng-results ignored="0" total="4" passed="4" failed="0" skipped="0">
  <reporter-output>
  </reporter-output>
  <suite started-at="2024-05-08T21:14:19 IST" name="Suite" finished-at="2024-05-08T21:14:33 IST" duration-ms="14068">
    <groups>
    </groups>
    <test started-at="2024-05-08T21:14:19 IST" name="HomePage" finished-at="2024-05-08T21:14:27 IST" duration-ms="8132">
      <class name="com.CRM.TestCases.HomePageTest">
        <test-method is-config="true" signature="setUpBrowser()[pri:0, instance:com.CRM.TestCases.HomePageTest@30ee2816]" started-at="2024-05-08T21:14:19 IST" name="setUpBrowser" finished-at="2024-05-08T21:14:24 IST" duration-ms="5001" status="PASS">
          <reporter-output>
          </reporter-output>
        </test-method> <!-- setUpBrowser -->
        <test-method is-config="true" signature="pageSetUp()[pri:0, instance:com.CRM.TestCases.HomePageTest@30ee2816]" started-at="2024-05-08T21:14:24 IST" name="pageSetUp" finished-at="2024-05-08T21:14:27 IST" duration-ms="2847" status="PASS">
          <reporter-output>
          </reporter-output>
        </test-method> <!-- pageSetUp -->
        <test-method signature="validateURL()[pri:1, instance:com.CRM.TestCases.HomePageTest@30ee2816]" started-at="2024-05-08T21:14:27 IST" name="validateURL" finished-at="2024-05-08T21:14:27 IST" duration-ms="23" status="PASS">
          <reporter-output>
          </reporter-output>
        </test-method> <!-- validateURL -->
        <test-method signature="validateTitle()[pri:2, instance:com.CRM.TestCases.HomePageTest@30ee2816]" started-at="2024-05-08T21:14:27 IST" name="validateTitle" finished-at="2024-05-08T21:14:27 IST" duration-ms="11" status="PASS">
          <reporter-output>
          </reporter-output>
        </test-method> <!-- validateTitle -->
        <test-method signature="validateSignIn()[pri:3, instance:com.CRM.TestCases.HomePageTest@30ee2816]" started-at="2024-05-08T21:14:27 IST" name="validateSignIn" finished-at="2024-05-08T21:14:27 IST" duration-ms="191" status="PASS">
          <reporter-output>
          </reporter-output>
        </test-method> <!-- validateSignIn -->
      </class> <!-- com.CRM.TestCases.HomePageTest -->
    </test> <!-- HomePage -->
    <test started-at="2024-05-08T21:14:27 IST" name="LoginPage" finished-at="2024-05-08T21:14:33 IST" duration-ms="5899">
      <class name="com.CRM.TestCases.LoginPageTest">
        <test-method is-config="true" signature="setUpBrowser()[pri:0, instance:com.CRM.TestCases.LoginPageTest@1ab3a8c8]" started-at="2024-05-08T21:14:27 IST" name="setUpBrowser" finished-at="2024-05-08T21:14:31 IST" duration-ms="3551" status="PASS">
          <reporter-output>
          </reporter-output>
        </test-method> <!-- setUpBrowser -->
        <test-method is-config="true" signature="pageSetUp()[pri:0, instance:com.CRM.TestCases.LoginPageTest@1ab3a8c8]" started-at="2024-05-08T21:14:31 IST" name="pageSetUp" finished-at="2024-05-08T21:14:32 IST" duration-ms="1156" status="PASS">
          <reporter-output>
          </reporter-output>
        </test-method> <!-- pageSetUp -->
        <test-method signature="validateLogin()[pri:0, instance:com.CRM.TestCases.LoginPageTest@1ab3a8c8]" started-at="2024-05-08T21:14:32 IST" name="validateLogin" finished-at="2024-05-08T21:14:33 IST" duration-ms="1188" status="PASS">
          <reporter-output>
          </reporter-output>
        </test-method> <!-- validateLogin -->
      </class> <!-- com.CRM.TestCases.LoginPageTest -->
    </test> <!-- LoginPage -->
  </suite> <!-- Suite -->
</testng-results>
