<?xml version="1.0" encoding="UTF-8"?>
<testng-results ignored="0" total="1" passed="1" failed="0" skipped="0">
  <reporter-output>
  </reporter-output>
  <suite started-at="2024-05-23T22:19:20 IST" name="Default suite" finished-at="2024-05-23T22:19:38 IST" duration-ms="18164">
    <groups>
    </groups>
    <test started-at="2024-05-23T22:19:20 IST" name="Default test" finished-at="2024-05-23T22:19:38 IST" duration-ms="18164">
      <class name="com.MobileElementsWithGuestures.LongClickGuesture">
        <test-method signature="testLongClickGesture()[pri:0, instance:com.MobileElementsWithGuestures.LongClickGuesture@5acf93bb]" started-at="2024-05-23T22:19:20 IST" name="testLongClickGesture" finished-at="2024-05-23T22:19:38 IST" duration-ms="18076" status="PASS">
          <reporter-output>
          </reporter-output>
        </test-method> <!-- testLongClickGesture -->
      </class> <!-- com.MobileElementsWithGuestures.LongClickGuesture -->
    </test> <!-- Default test -->
  </suite> <!-- Default suite -->
</testng-results>
