<?xml version="1.0" encoding="UTF-8"?>
<testng-results ignored="0" total="1" passed="1" failed="0" skipped="0">
  <reporter-output>
  </reporter-output>
  <suite started-at="2024-05-24T22:20:11 IST" name="Default suite" finished-at="2024-05-24T22:20:23 IST" duration-ms="11965">
    <groups>
    </groups>
    <test started-at="2024-05-24T22:20:11 IST" name="Default test" finished-at="2024-05-24T22:20:23 IST" duration-ms="11965">
      <class name="com.MobileScenarios.TestNotifications">
        <test-method is-config="true" signature="setUp()[pri:0, instance:com.MobileScenarios.TestNotifications@36916eb0]" started-at="2024-05-24T22:20:11 IST" name="setUp" finished-at="2024-05-24T22:20:23 IST" duration-ms="11198" status="PASS">
          <reporter-output>
          </reporter-output>
        </test-method> <!-- setUp -->
        <test-method signature="testNotifications()[pri:0, instance:com.MobileScenarios.TestNotifications@36916eb0]" started-at="2024-05-24T22:20:23 IST" name="testNotifications" finished-at="2024-05-24T22:20:23 IST" duration-ms="711" status="PASS">
          <reporter-output>
          </reporter-output>
        </test-method> <!-- testNotifications -->
      </class> <!-- com.MobileScenarios.TestNotifications -->
    </test> <!-- Default test -->
  </suite> <!-- Default suite -->
</testng-results>
